Start testing: Sep 22 12:18 UTC
----------------------------------------------------------
1/1 Testing: basic_test
1/1 Test: basic_test
Command: "/home/kevin/meshcut/build/meshcut_test"
Directory: /home/kevin/meshcut/build
"basic_test" start time: Sep 22 12:18 UTC
Output:
----------------------------------------------------------
MeshCut Basic Test
Input polygon: 4 vertices (square)
Grid: 4x4 cells of size 0.5
Output triangles: 18 triangles
Triangle indices: 0 1 3  | 1 2 3  | 1 4 2  | 4 5 2  | 4 6 5  | 6 7 5  | 3 2 9  | 2 8 9  | 2 5 8  | 5 10 8  | 5 7 10  | 7 11 10  | 9 8 13  | 8 12 13  | 8 10 12  | 10 14 12  | 10 11 14  | 11 15 14 

Earcut-format test: 8 triangles

Basic test completed successfully!
<end of output>
Test time =   0.00 sec
----------------------------------------------------------
Test Passed.
"basic_test" end time: Sep 22 12:18 UTC
"basic_test" time elapsed: 00:00:00
----------------------------------------------------------

End testing: Sep 22 12:18 UTC
