Start testing: Sep 22 12:28 UTC
----------------------------------------------------------
1/2 Testing: basic_test
1/2 Test: basic_test
Command: "/home/kevin/meshcut/build/meshcut_test"
Directory: /home/kevin/meshcut/build
"basic_test" start time: Sep 22 12:28 UTC
Output:
----------------------------------------------------------
MeshCut Basic Test
Input polygon: 4 vertices (square)
Grid: 4x4 cells of size 0.5
Output triangles: 32 triangles
Triangle indices: 2 3 0  | 0 1 2  | 4 5 3  | 3 2 4  | 6 7 5  | 5 4 6  | 8 9 7  | 7 6 8  | 0 3 11  | 3 10 11  | 3 5 10  | 5 12 10  | 5 7 12  | 7 13 12  | 9 14 13  | 13 7 9  | 11 10 16  | 10 15 16  | 10 12 15  | 12 17 15  | 12 13 17  | 13 18 17  | 14 19 18  | 18 13 14  | 20 21 16  | 16 15 20  | 22 20 15  | 15 17 22  | 23 22 17  | 17 18 23  | 24 23 18  | 18 19 24 

Earcut-format test: 8 triangles

Basic test completed successfully!
<end of output>
Test time =   0.01 sec
----------------------------------------------------------
Test Passed.
"basic_test" end time: Sep 22 12:28 UTC
"basic_test" time elapsed: 00:00:00
----------------------------------------------------------

2/2 Testing: advanced_test
2/2 Test: advanced_test
Command: "/home/kevin/meshcut/build/meshcut_advanced_test"
Directory: /home/kevin/meshcut/build
"advanced_test" start time: Sep 22 12:28 UTC
Output:
----------------------------------------------------------
MeshCut Advanced Testing
========================

=== Validation Test ===
Simple triangle test: 72 triangles generated
Index structure valid: YES

=== Performance Comparison Test ===
Test polygon: 20 vertices
MeshCut: 693 triangles in 316μs
Earcut:  18 triangles in 8μs
Speed ratio: 0.0x
Triangle ratio: 38.5x
Unique vertices in MeshCut: 409
Unique vertices in Earcut: 20

Advanced testing completed!
<end of output>
Test time =   0.01 sec
----------------------------------------------------------
Test Passed.
"advanced_test" end time: Sep 22 12:28 UTC
"advanced_test" time elapsed: 00:00:00
----------------------------------------------------------

End testing: Sep 22 12:28 UTC
